# JRE version: OpenJDK Runtime Environment (8.0_242-b08) (build 1.8.0_242-b08)
# Java VM: OpenJDK 64-Bit Server VM (25.242-b08 mixed mode windows-amd64 compressed oops)
Heap:
 PSYoungGen      total 38400K, used 19955K [0x00000000d5580000, 0x00000000d8000000, 0x0000000100000000)
  eden space 33280K, 49% used [0x00000000d5580000,0x00000000d658f188,0x00000000d7600000)
  from space 5120K, 68% used [0x00000000d7600000,0x00000000d796dc20,0x00000000d7b00000)
  to   space 5120K, 0% used [0x00000000d7b00000,0x00000000d7b00000,0x00000000d8000000)
 ParOldGen       total 55296K, used 9413K [0x0000000080000000, 0x0000000083600000, 0x00000000d5580000)
  object space 55296K, 17% used [0x0000000080000000,0x00000000809316f8,0x0000000083600000)
 Metaspace       used 28306K, capacity 29196K, committed 29312K, reserved 1075200K
  class space    used 3468K, capacity 3690K, committed 3712K, reserved 1048576K
GC Heap History (10 events):
Event: 4.105 GC heap before
{Heap before GC invocations=6 (full 0):
 PSYoungGen      total 38400K, used 33284K [0x00000000d5580000, 0x00000000d8000000, 0x0000000100000000)
  eden space 33280K, 84% used [0x00000000d5580000,0x00000000d71038d0,0x00000000d7600000)
  from space 5120K, 99% used [0x00000000d7600000,0x00000000d7afd820,0x00000000d7b00000)
  to   space 5120K, 0% used [0x00000000d7b00000,0x00000000d7b00000,0x00000000d8000000)
 ParOldGen       total 87552K, used 7429K [0x0000000080000000, 0x0000000085580000, 0x00000000d5580000)
  object space 87552K, 8% used [0x0000000080000000,0x0000000080741728,0x0000000085580000)
 Metaspace       used 20706K, capacity 21132K, committed 21296K, reserved 1069056K
  class space    used 2494K, capacity 2625K, committed 2688K, reserved 1048576K
Event: 4.113 GC heap after
Heap after GC invocations=6 (full 0):
 PSYoungGen      total 38400K, used 5109K [0x00000000d5580000, 0x00000000d8000000, 0x0000000100000000)
  eden space 33280K, 0% used [0x00000000d5580000,0x00000000d5580000,0x00000000d7600000)
  from space 5120K, 99% used [0x00000000d7b00000,0x00000000d7ffd7f0,0x00000000d8000000)
  to   space 5120K, 0% used [0x00000000d7600000,0x00000000d7600000,0x00000000d7b00000)
 ParOldGen       total 87552K, used 8282K [0x0000000080000000, 0x0000000085580000, 0x00000000d5580000)
  object space 87552K, 9% used [0x0000000080000000,0x0000000080816b50,0x0000000085580000)
 Metaspace       used 20706K, capacity 21132K, committed 21296K, reserved 1069056K
  class space    used 2494K, capacity 2625K, committed 2688K, reserved 1048576K
}
Event: 4.113 GC heap before
{Heap before GC invocations=7 (full 1):
 PSYoungGen      total 38400K, used 5109K [0x00000000d5580000, 0x00000000d8000000, 0x0000000100000000)
  eden space 33280K, 0% used [0x00000000d5580000,0x00000000d5580000,0x00000000d7600000)
  from space 5120K, 99% used [0x00000000d7b00000,0x00000000d7ffd7f0,0x00000000d8000000)
  to   space 5120K, 0% used [0x00000000d7600000,0x00000000d7600000,0x00000000d7b00000)
 ParOldGen       total 87552K, used 8282K [0x0000000080000000, 0x0000000085580000, 0x00000000d5580000)
  object space 87552K, 9% used [0x0000000080000000,0x0000000080816b50,0x0000000085580000)
 Metaspace       used 20706K, capacity 21132K, committed 21296K, reserved 1069056K
  class space    used 2494K, capacity 2625K, committed 2688K, reserved 1048576K
Event: 4.160 GC heap after
Heap after GC invocations=7 (full 1):
 PSYoungGen      total 38400K, used 0K [0x00000000d5580000, 0x00000000d8000000, 0x0000000100000000)
  eden space 33280K, 0% used [0x00000000d5580000,0x00000000d5580000,0x00000000d7600000)
  from space 5120K, 0% used [0x00000000d7b00000,0x00000000d7b00000,0x00000000d8000000)
  to   space 5120K, 0% used [0x00000000d7600000,0x00000000d7600000,0x00000000d7b00000)
 ParOldGen       total 55296K, used 9397K [0x0000000080000000, 0x0000000083600000, 0x00000000d5580000)
  object space 55296K, 16% used [0x0000000080000000,0x000000008092d6f8,0x0000000083600000)
 Metaspace       used 20702K, capacity 21120K, committed 21296K, reserved 1069056K
  class space    used 2493K, capacity 2622K, committed 2688K, reserved 1048576K
}
Event: 4.348 GC heap before
{Heap before GC invocations=8 (full 1):
 PSYoungGen      total 38400K, used 33280K [0x00000000d5580000, 0x00000000d8000000, 0x0000000100000000)
  eden space 33280K, 100% used [0x00000000d5580000,0x00000000d7600000,0x00000000d7600000)
  from space 5120K, 0% used [0x00000000d7b00000,0x00000000d7b00000,0x00000000d8000000)
  to   space 5120K, 0% used [0x00000000d7600000,0x00000000d7600000,0x00000000d7b00000)
 ParOldGen       total 55296K, used 9397K [0x0000000080000000, 0x0000000083600000, 0x00000000d5580000)
  object space 55296K, 16% used [0x0000000080000000,0x000000008092d6f8,0x0000000083600000)
 Metaspace       used 22556K, capacity 23200K, committed 23344K, reserved 1069056K
  class space    used 2740K, capacity 2912K, committed 2944K, reserved 1048576K
Event: 4.350 GC heap after
Heap after GC invocations=8 (full 1):
 PSYoungGen      total 38400K, used 2026K [0x00000000d5580000, 0x00000000d8000000, 0x0000000100000000)
  eden space 33280K, 0% used [0x00000000d5580000,0x00000000d5580000,0x00000000d7600000)
  from space 5120K, 39% used [0x00000000d7600000,0x00000000d77fabb0,0x00000000d7b00000)
  to   space 5120K, 0% used [0x00000000d7b00000,0x00000000d7b00000,0x00000000d8000000)
 ParOldGen       total 55296K, used 9397K [0x0000000080000000, 0x0000000083600000, 0x00000000d5580000)
  object space 55296K, 16% used [0x0000000080000000,0x000000008092d6f8,0x0000000083600000)
 Metaspace       used 22556K, capacity 23200K, committed 23344K, reserved 1069056K
  class space    used 2740K, capacity 2912K, committed 2944K, reserved 1048576K
}
Event: 4.547 GC heap before
{Heap before GC invocations=9 (full 1):
 PSYoungGen      total 38400K, used 35306K [0x00000000d5580000, 0x00000000d8000000, 0x0000000100000000)
  eden space 33280K, 100% used [0x00000000d5580000,0x00000000d7600000,0x00000000d7600000)
  from space 5120K, 39% used [0x00000000d7600000,0x00000000d77fabb0,0x00000000d7b00000)
  to   space 5120K, 0% used [0x00000000d7b00000,0x00000000d7b00000,0x00000000d8000000)
 ParOldGen       total 55296K, used 9397K [0x0000000080000000, 0x0000000083600000, 0x00000000d5580000)
  object space 55296K, 16% used [0x0000000080000000,0x000000008092d6f8,0x0000000083600000)
 Metaspace       used 25524K, capacity 26208K, committed 26368K, reserved 1073152K
  class space    used 3068K, capacity 3244K, committed 3328K, reserved 1048576K
Event: 4.550 GC heap after
Heap after GC invocations=9 (full 1):
 PSYoungGen      total 38400K, used 3949K [0x00000000d5580000, 0x00000000d8000000, 0x0000000100000000)
  eden space 33280K, 0% used [0x00000000d5580000,0x00000000d5580000,0x00000000d7600000)
  from space 5120K, 77% used [0x00000000d7b00000,0x00000000d7edb7a0,0x00000000d8000000)
  to   space 5120K, 0% used [0x00000000d7600000,0x00000000d7600000,0x00000000d7b00000)
 ParOldGen       total 55296K, used 9405K [0x0000000080000000, 0x0000000083600000, 0x00000000d5580000)
  object space 55296K, 17% used [0x0000000080000000,0x000000008092f6f8,0x0000000083600000)
 Metaspace       used 25524K, capacity 26208K, committed 26368K, reserved 1073152K
  class space    used 3068K, capacity 3244K, committed 3328K, reserved 1048576K
}
Event: 4.793 GC heap before
{Heap before GC invocations=10 (full 1):
 PSYoungGen      total 38400K, used 37229K [0x00000000d5580000, 0x00000000d8000000, 0x0000000100000000)
  eden space 33280K, 100% used [0x00000000d5580000,0x00000000d7600000,0x00000000d7600000)
  from space 5120K, 77% used [0x00000000d7b00000,0x00000000d7edb7a0,0x00000000d8000000)
  to   space 5120K, 0% used [0x00000000d7600000,0x00000000d7600000,0x00000000d7b00000)
 ParOldGen       total 55296K, used 9405K [0x0000000080000000, 0x0000000083600000, 0x00000000d5580000)
  object space 55296K, 17% used [0x0000000080000000,0x000000008092f6f8,0x0000000083600000)
 Metaspace       used 27530K, capacity 28256K, committed 28416K, reserved 1075200K
  class space    used 3364K, capacity 3562K, committed 3584K, reserved 1048576K
Event: 4.797 GC heap after
Heap after GC invocations=10 (full 1):
 PSYoungGen      total 38400K, used 3511K [0x00000000d5580000, 0x00000000d8000000, 0x0000000100000000)
  eden space 33280K, 0% used [0x00000000d5580000,0x00000000d5580000,0x00000000d7600000)
  from space 5120K, 68% used [0x00000000d7600000,0x00000000d796dc20,0x00000000d7b00000)
  to   space 5120K, 0% used [0x00000000d7b00000,0x00000000d7b00000,0x00000000d8000000)
 ParOldGen       total 55296K, used 9413K [0x0000000080000000, 0x0000000083600000, 0x00000000d5580000)
  object space 55296K, 17% used [0x0000000080000000,0x00000000809316f8,0x0000000083600000)
 Metaspace       used 27530K, capacity 28256K, committed 28416K, reserved 1075200K
  class space    used 3364K, capacity 3562K, committed 3584K, reserved 1048576K
}

